{"level":"info","time":"2022-01-26 16:29:27.705","line":"importer/main.go:12","func":"main.main","msg":"Start up"}
{"level":"fatal","time":"2022-01-26 16:29:27.736","line":"importer/main.go:19","func":"main.main","msg":"listen tcp :8848: bind: address already in use"}
{"level":"info","time":"2022-01-26 16:29:56.296","line":"importer/main.go:12","func":"main.main","msg":"Start up"}
{"level":"info","time":"2022-01-27 10:48:04.674","line":"importer/main.go:12","func":"main.main","msg":"Start up"}
{"level":"info","time":"2022-01-27 10:52:37.709","line":"importer/main.go:12","func":"main.main","msg":"Start up"}
{"level":"info","time":"2022-01-27 10:57:49.466","line":"importer/main.go:12","func":"main.main","msg":"Start up"}
{"level":"info","time":"2022-01-27 10:58:58.940","line":"importer/main.go:12","func":"main.main","msg":"Start up"}
{"level":"info","time":"2022-02-08 10:38:07.135","line":"importer/main.go:12","func":"main.main","msg":"Start up"}
{"level":"info","time":"2022-02-08 10:54:39.514","line":"importer/main.go:12","func":"main.main","msg":"Start up"}
{"level":"info","time":"2022-02-08 13:58:14.751","line":"importer/main.go:12","func":"main.main","msg":"Start up"}
{"level":"info","time":"2022-02-08 13:59:24.372","line":"importer/main.go:12","func":"main.main","msg":"Start up"}
{"level":"error","time":"2022-02-08 14:00:00.053","line":"dao/dao.go:64","func":"importer/app/dao.(*dao).addImportCron.func2","msg":"import fxj error:ERROR: type \"double\" does not exist (SQLSTATE 42704)"}
{"level":"info","time":"2022-02-08 14:14:34.480","line":"importer/main.go:12","func":"main.main","msg":"Start up"}
{"level":"error","time":"2022-02-08 14:15:00.058","line":"dao/dao.go:64","func":"importer/app/dao.(*dao).addImportCron.func2","msg":"import fxj error:ERROR: type \"double\" does not exist (SQLSTATE 42704)"}
{"level":"info","time":"2022-02-08 14:16:07.902","line":"importer/main.go:12","func":"main.main","msg":"Start up"}
{"level":"info","time":"2022-02-08 14:17:20.702","line":"importer/main.go:12","func":"main.main","msg":"Start up"}
{"level":"info","time":"2022-02-08 14:25:12.692","line":"importer/main.go:12","func":"main.main","msg":"Start up"}
{"level":"warn","time":"2022-02-08 14:25:26.449","line":"dao/dao_impl.go:24","func":"importer/app/dao.(*dao).ImportRps","msg":"日期没有rps数据"}
{"level":"error","time":"2022-02-08 14:25:35.118","line":"request/fxj.go:130","func":"importer/app/request.GetFxj","msg":"get 000001 data error: Get \"http://ifind-ds.ifind-db/proxy/ifund/ifund/index?xml_request=\": dial tcp: lookup ifind-ds.ifind-db: no such host"}
{"level":"error","time":"2022-02-08 14:25:35.120","line":"request/fxj.go:130","func":"importer/app/request.GetFxj","msg":"get 160127 data error: Get \"http://ifind-ds.ifind-db/proxy/ifund/ifund/index?xml_request=\": dial tcp: lookup ifind-ds.ifind-db: no such host"}
{"level":"error","time":"2022-02-08 14:25:35.121","line":"request/fxj.go:130","func":"importer/app/request.GetFxj","msg":"get 110065 data error: Get \"http://ifind-ds.ifind-db/proxy/ifund/ifund/index?xml_request=\": dial tcp: lookup ifind-ds.ifind-db: no such host"}
{"level":"info","time":"2022-02-09 14:56:09.256","line":"importer/main.go:12","func":"main.main","msg":"Start up"}
{"level":"warn","time":"2022-02-09 14:57:13.404","line":"dao/dao_impl.go:26","func":"importer/app/dao.(*dao).ImportRps","msg":"lack of rps data in "}
{"level":"warn","time":"2022-02-09 14:58:25.579","line":"dao/dao_impl.go:26","func":"importer/app/dao.(*dao).ImportRps","msg":"lack of rps data in "}
{"level":"info","time":"2022-02-09 14:59:31.166","line":"importer/main.go:12","func":"main.main","msg":"Start up"}
{"level":"info","time":"2022-02-09 15:00:00.001","line":"dao/dao.go:58","func":"importer/app/dao.(*dao).addImportRps.func1","msg":"rps cron start"}
{"level":"info","time":"2022-02-09 15:00:00.001","line":"dao/dao.go:58","func":"importer/app/dao.(*dao).addImportRps.func1","msg":"rps cron start"}
{"level":"warn","time":"2022-02-09 15:00:00.074","line":"dao/dao_impl.go:26","func":"importer/app/dao.(*dao).ImportRps","msg":"lack of rps data in 2022-02-09"}
{"level":"warn","time":"2022-02-09 15:00:00.077","line":"dao/dao_impl.go:26","func":"importer/app/dao.(*dao).ImportRps","msg":"lack of rps data in 2022-02-09"}
{"level":"info","time":"2022-02-09 15:01:49.535","line":"importer/main.go:12","func":"main.main","msg":"Start up"}
{"level":"warn","time":"2022-02-09 15:01:54.879","line":"dao/dao_impl.go:26","func":"importer/app/dao.(*dao).ImportRps","msg":"lack of rps data in 2020-02-08"}
{"level":"info","time":"2022-02-09 15:59:31.740","line":"importer/main.go:12","func":"main.main","msg":"Start up"}
{"level":"warn","time":"2022-02-09 15:59:38.140","line":"dao/dao_impl.go:26","func":"importer/app/dao.(*dao).ImportRps","msg":"lack of rps data in 2020-02-08"}
{"level":"info","time":"2022-02-09 16:27:24.683","line":"importer/main.go:12","func":"main.main","msg":"Start up"}
{"level":"info","time":"2022-02-10 16:36:52.103","line":"importer/main.go:12","func":"main.main","msg":"Start up"}
{"level":"info","time":"2022-02-10 16:37:22.225","line":"importer/main.go:12","func":"main.main","msg":"Start up"}
{"level":"info","time":"2022-02-10 16:47:42.011","line":"importer/main.go:12","func":"main.main","msg":"Start up"}
{"level":"info","time":"2022-02-14 15:38:27.845","line":"importer/main.go:12","func":"main.main","msg":"Start up"}
{"level":"fatal","time":"2022-02-14 15:38:27.849","line":"importer/main.go:15","func":"main.main","msg":"failed to connect to `host=127.0.0.1 user=postgres database=postgres`: dial error (dial tcp 127.0.0.1:5432: connect: connection refused)"}
{"level":"info","time":"2022-02-14 15:39:34.358","line":"importer/main.go:12","func":"main.main","msg":"Start up"}
{"level":"fatal","time":"2022-02-14 15:39:34.361","line":"importer/main.go:15","func":"main.main","msg":"failed to connect to `host=127.0.0.1 user=postgres database=postgres`: dial error (dial tcp 127.0.0.1:5432: connect: connection refused)"}
{"level":"info","time":"2022-02-14 15:47:21.467","line":"importer/main.go:12","func":"main.main","msg":"Start up"}
{"level":"info","time":"2022-02-14 15:48:41.724","line":"importer/main.go:12","func":"main.main","msg":"Start up"}
{"level":"info","time":"2022-02-14 16:41:55.367","line":"importer/main.go:12","func":"main.main","msg":"Start up"}
{"level":"info","time":"2022-02-14 16:42:31.456","line":"dao/dao_impl.go:39","func":"importer/app/dao.(*dao).ImportFxj","msg":"table fxj not exist, create table"}
{"level":"info","time":"2022-02-14 16:42:31.471","line":"dao/dao_impl.go:44","func":"importer/app/dao.(*dao).ImportFxj","msg":"create table fxj success"}
{"level":"fatal","time":"2022-02-14 16:42:31.471","line":"request/pg.go:16","func":"importer/app/request.ifindPgInit","msg":"sql: unknown driver \"postgres\" (forgotten import?)"}
{"level":"info","time":"2022-02-14 16:44:48.542","line":"importer/main.go:12","func":"main.main","msg":"Start up"}
{"level":"error","time":"2022-02-14 16:44:53.921","line":"request/fxj.go:134","func":"importer/app/request.GetFxj","msg":"get 16 data error: pq: SSL is not enabled on the server"}
{"level":"error","time":"2022-02-14 16:44:53.926","line":"request/fxj.go:134","func":"importer/app/request.GetFxj","msg":"get 32 data error: pq: SSL is not enabled on the server"}
{"level":"error","time":"2022-02-14 16:44:53.931","line":"request/fxj.go:134","func":"importer/app/request.GetFxj","msg":"get 48 data error: pq: SSL is not enabled on the server"}
{"level":"error","time":"2022-02-14 16:44:53.935","line":"request/fxj.go:134","func":"importer/app/request.GetFxj","msg":"get 56 data error: pq: SSL is not enabled on the server"}
{"level":"error","time":"2022-02-14 16:44:53.940","line":"request/fxj.go:134","func":"importer/app/request.GetFxj","msg":"get 64 data error: pq: SSL is not enabled on the server"}
{"level":"error","time":"2022-02-14 16:44:53.944","line":"request/fxj.go:134","func":"importer/app/request.GetFxj","msg":"get 72 data error: pq: SSL is not enabled on the server"}
{"level":"error","time":"2022-02-14 16:44:53.948","line":"request/fxj.go:134","func":"importer/app/request.GetFxj","msg":"get 80 data error: pq: SSL is not enabled on the server"}
{"level":"error","time":"2022-02-14 16:44:53.951","line":"request/fxj.go:134","func":"importer/app/request.GetFxj","msg":"get 96 data error: pq: SSL is not enabled on the server"}
{"level":"error","time":"2022-02-14 16:44:53.954","line":"request/fxj.go:134","func":"importer/app/request.GetFxj","msg":"get 104 data error: pq: SSL is not enabled on the server"}
{"level":"error","time":"2022-02-14 16:44:53.957","line":"request/fxj.go:134","func":"importer/app/request.GetFxj","msg":"get 112 data error: pq: SSL is not enabled on the server"}
{"level":"error","time":"2022-02-14 16:44:53.961","line":"request/fxj.go:134","func":"importer/app/request.GetFxj","msg":"get 120 data error: pq: SSL is not enabled on the server"}
{"level":"error","time":"2022-02-14 16:44:53.963","line":"request/fxj.go:134","func":"importer/app/request.GetFxj","msg":"get 128 data error: pq: SSL is not enabled on the server"}
{"level":"error","time":"2022-02-14 16:44:53.966","line":"request/fxj.go:134","func":"importer/app/request.GetFxj","msg":"get 136 data error: pq: SSL is not enabled on the server"}
{"level":"error","time":"2022-02-14 16:44:53.968","line":"request/fxj.go:134","func":"importer/app/request.GetFxj","msg":"get 144 data error: pq: SSL is not enabled on the server"}
{"level":"error","time":"2022-02-14 16:44:53.971","line":"request/fxj.go:134","func":"importer/app/request.GetFxj","msg":"get 152 data error: pq: SSL is not enabled on the server"}
{"level":"error","time":"2022-02-14 16:44:53.975","line":"request/fxj.go:134","func":"importer/app/request.GetFxj","msg":"get 160 data error: pq: SSL is not enabled on the server"}
{"level":"error","time":"2022-02-14 16:44:53.981","line":"request/fxj.go:134","func":"importer/app/request.GetFxj","msg":"get 168 data error: pq: SSL is not enabled on the server"}
{"level":"error","time":"2022-02-14 16:44:53.985","line":"request/fxj.go:134","func":"importer/app/request.GetFxj","msg":"get 176 data error: pq: SSL is not enabled on the server"}
{"level":"error","time":"2022-02-14 16:44:53.995","line":"request/fxj.go:134","func":"importer/app/request.GetFxj","msg":"get 184 data error: pq: SSL is not enabled on the server"}
{"level":"error","time":"2022-02-14 16:44:54.000","line":"request/fxj.go:134","func":"importer/app/request.GetFxj","msg":"get 20 data error: pq: SSL is not enabled on the server"}
{"level":"error","time":"2022-02-14 16:44:54.007","line":"request/fxj.go:134","func":"importer/app/request.GetFxj","msg":"get 36 data error: pq: SSL is not enabled on the server"}
{"level":"error","time":"2022-02-14 16:44:54.015","line":"request/fxj.go:134","func":"importer/app/request.GetFxj","msg":"get 19 data error: pq: SSL is not enabled on the server"}
{"level":"error","time":"2022-02-14 16:44:54.020","line":"request/fxj.go:134","func":"importer/app/request.GetFxj","msg":"get 35 data error: pq: SSL is not enabled on the server"}
{"level":"info","time":"2022-02-14 16:53:55.558","line":"importer/main.go:12","func":"main.main","msg":"Start up"}
{"level":"info","time":"2022-02-14 16:53:59.053","line":"request/fxj.go:220","func":"importer/app/request.getMarketCodes","msg":"SQL query: select thscode_hq,thscode from pub205 where thsmarket_code_hq = '16' and thscode is not null and thscode_hq is not null"}
{"level":"error","time":"2022-02-14 16:53:59.053","line":"request/fxj.go:134","func":"importer/app/request.GetFxj","msg":"get 16 data error: pq: SSL is not enabled on the server"}
{"level":"info","time":"2022-02-14 16:53:59.062","line":"request/fxj.go:220","func":"importer/app/request.getMarketCodes","msg":"SQL query: select thscode_hq,thscode from pub205 where thsmarket_code_hq = '32' and thscode is not null and thscode_hq is not null"}
{"level":"error","time":"2022-02-14 16:53:59.062","line":"request/fxj.go:134","func":"importer/app/request.GetFxj","msg":"get 32 data error: pq: SSL is not enabled on the server"}
{"level":"info","time":"2022-02-14 16:53:59.067","line":"request/fxj.go:220","func":"importer/app/request.getMarketCodes","msg":"SQL query: select thscode_hq,thscode from pub205 where thsmarket_code_hq = '48' and thscode is not null and thscode_hq is not null"}
{"level":"error","time":"2022-02-14 16:53:59.068","line":"request/fxj.go:134","func":"importer/app/request.GetFxj","msg":"get 48 data error: pq: SSL is not enabled on the server"}
{"level":"info","time":"2022-02-14 16:53:59.071","line":"request/fxj.go:220","func":"importer/app/request.getMarketCodes","msg":"SQL query: select thscode_hq,thscode from pub205 where thsmarket_code_hq = '56' and thscode is not null and thscode_hq is not null"}
{"level":"error","time":"2022-02-14 16:53:59.082","line":"request/fxj.go:134","func":"importer/app/request.GetFxj","msg":"get 56 data error: pq: SSL is not enabled on the server"}
{"level":"info","time":"2022-02-14 16:53:59.085","line":"request/fxj.go:220","func":"importer/app/request.getMarketCodes","msg":"SQL query: select thscode_hq,thscode from pub205 where thsmarket_code_hq = '64' and thscode is not null and thscode_hq is not null"}
{"level":"error","time":"2022-02-14 16:53:59.085","line":"request/fxj.go:134","func":"importer/app/request.GetFxj","msg":"get 64 data error: pq: SSL is not enabled on the server"}
{"level":"info","time":"2022-02-14 16:53:59.091","line":"request/fxj.go:220","func":"importer/app/request.getMarketCodes","msg":"SQL query: select thscode_hq,thscode from pub205 where thsmarket_code_hq = '72' and thscode is not null and thscode_hq is not null"}
{"level":"error","time":"2022-02-14 16:53:59.091","line":"request/fxj.go:134","func":"importer/app/request.GetFxj","msg":"get 72 data error: pq: SSL is not enabled on the server"}
{"level":"info","time":"2022-02-14 16:53:59.097","line":"request/fxj.go:220","func":"importer/app/request.getMarketCodes","msg":"SQL query: select thscode_hq,thscode from pub205 where thsmarket_code_hq = '80' and thscode is not null and thscode_hq is not null"}
{"level":"error","time":"2022-02-14 16:53:59.097","line":"request/fxj.go:134","func":"importer/app/request.GetFxj","msg":"get 80 data error: pq: SSL is not enabled on the server"}
{"level":"info","time":"2022-02-14 16:53:59.105","line":"request/fxj.go:220","func":"importer/app/request.getMarketCodes","msg":"SQL query: select thscode_hq,thscode from pub205 where thsmarket_code_hq = '96' and thscode is not null and thscode_hq is not null"}
{"level":"error","time":"2022-02-14 16:53:59.106","line":"request/fxj.go:134","func":"importer/app/request.GetFxj","msg":"get 96 data error: pq: SSL is not enabled on the server"}
{"level":"info","time":"2022-02-14 16:53:59.112","line":"request/fxj.go:220","func":"importer/app/request.getMarketCodes","msg":"SQL query: select thscode_hq,thscode from pub205 where thsmarket_code_hq = '104' and thscode is not null and thscode_hq is not null"}
{"level":"error","time":"2022-02-14 16:53:59.112","line":"request/fxj.go:134","func":"importer/app/request.GetFxj","msg":"get 104 data error: pq: SSL is not enabled on the server"}
{"level":"info","time":"2022-02-14 16:53:59.116","line":"request/fxj.go:220","func":"importer/app/request.getMarketCodes","msg":"SQL query: select thscode_hq,thscode from pub205 where thsmarket_code_hq = '112' and thscode is not null and thscode_hq is not null"}
{"level":"error","time":"2022-02-14 16:53:59.119","line":"request/fxj.go:134","func":"importer/app/request.GetFxj","msg":"get 112 data error: pq: SSL is not enabled on the server"}
{"level":"info","time":"2022-02-14 16:53:59.124","line":"request/fxj.go:220","func":"importer/app/request.getMarketCodes","msg":"SQL query: select thscode_hq,thscode from pub205 where thsmarket_code_hq = '120' and thscode is not null and thscode_hq is not null"}
{"level":"error","time":"2022-02-14 16:53:59.124","line":"request/fxj.go:134","func":"importer/app/request.GetFxj","msg":"get 120 data error: pq: SSL is not enabled on the server"}
{"level":"info","time":"2022-02-14 16:53:59.131","line":"request/fxj.go:220","func":"importer/app/request.getMarketCodes","msg":"SQL query: select thscode_hq,thscode from pub205 where thsmarket_code_hq = '-128' and thscode is not null and thscode_hq is not null"}
{"level":"error","time":"2022-02-14 16:53:59.131","line":"request/fxj.go:134","func":"importer/app/request.GetFxj","msg":"get 128 data error: pq: SSL is not enabled on the server"}
{"level":"info","time":"2022-02-14 16:53:59.134","line":"request/fxj.go:220","func":"importer/app/request.getMarketCodes","msg":"SQL query: select thscode_hq,thscode from pub205 where thsmarket_code_hq = '-120' and thscode is not null and thscode_hq is not null"}
{"level":"error","time":"2022-02-14 16:53:59.134","line":"request/fxj.go:134","func":"importer/app/request.GetFxj","msg":"get 136 data error: pq: SSL is not enabled on the server"}
{"level":"info","time":"2022-02-14 16:53:59.140","line":"request/fxj.go:220","func":"importer/app/request.getMarketCodes","msg":"SQL query: select thscode_hq,thscode from pub205 where thsmarket_code_hq = '-112' and thscode is not null and thscode_hq is not null"}
{"level":"error","time":"2022-02-14 16:53:59.140","line":"request/fxj.go:134","func":"importer/app/request.GetFxj","msg":"get 144 data error: pq: SSL is not enabled on the server"}
{"level":"info","time":"2022-02-14 16:53:59.145","line":"request/fxj.go:220","func":"importer/app/request.getMarketCodes","msg":"SQL query: select thscode_hq,thscode from pub205 where thsmarket_code_hq = '-104' and thscode is not null and thscode_hq is not null"}
{"level":"error","time":"2022-02-14 16:53:59.145","line":"request/fxj.go:134","func":"importer/app/request.GetFxj","msg":"get 152 data error: pq: SSL is not enabled on the server"}
{"level":"info","time":"2022-02-14 16:53:59.151","line":"request/fxj.go:220","func":"importer/app/request.getMarketCodes","msg":"SQL query: select thscode_hq,thscode from pub205 where thsmarket_code_hq = '-96' and thscode is not null and thscode_hq is not null"}
{"level":"error","time":"2022-02-14 16:53:59.152","line":"request/fxj.go:134","func":"importer/app/request.GetFxj","msg":"get 160 data error: pq: SSL is not enabled on the server"}
{"level":"info","time":"2022-02-14 16:53:59.156","line":"request/fxj.go:220","func":"importer/app/request.getMarketCodes","msg":"SQL query: select thscode_hq,thscode from pub205 where thsmarket_code_hq = '-88' and thscode is not null and thscode_hq is not null"}
{"level":"error","time":"2022-02-14 16:53:59.156","line":"request/fxj.go:134","func":"importer/app/request.GetFxj","msg":"get 168 data error: pq: SSL is not enabled on the server"}
{"level":"info","time":"2022-02-14 16:53:59.164","line":"request/fxj.go:220","func":"importer/app/request.getMarketCodes","msg":"SQL query: select thscode_hq,thscode from pub205 where thsmarket_code_hq = '-80' and thscode is not null and thscode_hq is not null"}
{"level":"error","time":"2022-02-14 16:53:59.164","line":"request/fxj.go:134","func":"importer/app/request.GetFxj","msg":"get 176 data error: pq: SSL is not enabled on the server"}
{"level":"info","time":"2022-02-14 16:53:59.169","line":"request/fxj.go:220","func":"importer/app/request.getMarketCodes","msg":"SQL query: select thscode_hq,thscode from pub205 where thsmarket_code_hq = '-72' and thscode is not null and thscode_hq is not null"}
{"level":"error","time":"2022-02-14 16:53:59.169","line":"request/fxj.go:134","func":"importer/app/request.GetFxj","msg":"get 184 data error: pq: SSL is not enabled on the server"}
{"level":"info","time":"2022-02-14 16:53:59.174","line":"request/fxj.go:220","func":"importer/app/request.getMarketCodes","msg":"SQL query: select thscode_hq,thscode from pub205 where thsmarket_code_hq = '20' and thscode is not null and thscode_hq is not null"}
{"level":"error","time":"2022-02-14 16:53:59.174","line":"request/fxj.go:134","func":"importer/app/request.GetFxj","msg":"get 20 data error: pq: SSL is not enabled on the server"}
{"level":"info","time":"2022-02-14 16:53:59.180","line":"request/fxj.go:220","func":"importer/app/request.getMarketCodes","msg":"SQL query: select thscode_hq,thscode from pub205 where thsmarket_code_hq = '36' and thscode is not null and thscode_hq is not null"}
{"level":"error","time":"2022-02-14 16:53:59.180","line":"request/fxj.go:134","func":"importer/app/request.GetFxj","msg":"get 36 data error: pq: SSL is not enabled on the server"}
{"level":"info","time":"2022-02-14 16:53:59.183","line":"request/fxj.go:220","func":"importer/app/request.getMarketCodes","msg":"SQL query: select thscode_hq,thscode from pub205 where thsmarket_code_hq = '19' and thscode is not null and thscode_hq is not null"}
{"level":"error","time":"2022-02-14 16:53:59.183","line":"request/fxj.go:134","func":"importer/app/request.GetFxj","msg":"get 19 data error: pq: SSL is not enabled on the server"}
{"level":"info","time":"2022-02-14 16:53:59.187","line":"request/fxj.go:220","func":"importer/app/request.getMarketCodes","msg":"SQL query: select thscode_hq,thscode from pub205 where thsmarket_code_hq = '35' and thscode is not null and thscode_hq is not null"}
{"level":"error","time":"2022-02-14 16:53:59.187","line":"request/fxj.go:134","func":"importer/app/request.GetFxj","msg":"get 35 data error: pq: SSL is not enabled on the server"}
{"level":"info","time":"2022-02-14 16:56:27.939","line":"importer/main.go:12","func":"main.main","msg":"Start up"}
{"level":"info","time":"2022-02-14 16:56:33.046","line":"request/fxj.go:220","func":"importer/app/request.getMarketCodes","msg":"SQL query: select thscode_hq,thscode from pub205 where thsmarket_code_hq = '16' and thscode is not null and thscode_hq is not null"}
{"level":"error","time":"2022-02-14 16:56:33.046","line":"request/fxj.go:134","func":"importer/app/request.GetFxj","msg":"get 16 data error: pq: relation \"pub205\" does not exist"}
{"level":"info","time":"2022-02-14 16:56:33.050","line":"request/fxj.go:220","func":"importer/app/request.getMarketCodes","msg":"SQL query: select thscode_hq,thscode from pub205 where thsmarket_code_hq = '32' and thscode is not null and thscode_hq is not null"}
{"level":"error","time":"2022-02-14 16:56:33.050","line":"request/fxj.go:134","func":"importer/app/request.GetFxj","msg":"get 32 data error: pq: relation \"pub205\" does not exist"}
{"level":"info","time":"2022-02-14 16:56:33.053","line":"request/fxj.go:220","func":"importer/app/request.getMarketCodes","msg":"SQL query: select thscode_hq,thscode from pub205 where thsmarket_code_hq = '48' and thscode is not null and thscode_hq is not null"}
{"level":"error","time":"2022-02-14 16:56:33.053","line":"request/fxj.go:134","func":"importer/app/request.GetFxj","msg":"get 48 data error: pq: relation \"pub205\" does not exist"}
{"level":"info","time":"2022-02-14 16:56:33.056","line":"request/fxj.go:220","func":"importer/app/request.getMarketCodes","msg":"SQL query: select thscode_hq,thscode from pub205 where thsmarket_code_hq = '56' and thscode is not null and thscode_hq is not null"}
{"level":"error","time":"2022-02-14 16:56:33.056","line":"request/fxj.go:134","func":"importer/app/request.GetFxj","msg":"get 56 data error: pq: relation \"pub205\" does not exist"}
{"level":"info","time":"2022-02-14 16:56:33.058","line":"request/fxj.go:220","func":"importer/app/request.getMarketCodes","msg":"SQL query: select thscode_hq,thscode from pub205 where thsmarket_code_hq = '64' and thscode is not null and thscode_hq is not null"}
{"level":"error","time":"2022-02-14 16:56:33.058","line":"request/fxj.go:134","func":"importer/app/request.GetFxj","msg":"get 64 data error: pq: relation \"pub205\" does not exist"}
{"level":"info","time":"2022-02-14 16:56:33.062","line":"request/fxj.go:220","func":"importer/app/request.getMarketCodes","msg":"SQL query: select thscode_hq,thscode from pub205 where thsmarket_code_hq = '72' and thscode is not null and thscode_hq is not null"}
{"level":"error","time":"2022-02-14 16:56:33.062","line":"request/fxj.go:134","func":"importer/app/request.GetFxj","msg":"get 72 data error: pq: relation \"pub205\" does not exist"}
{"level":"info","time":"2022-02-14 16:56:33.064","line":"request/fxj.go:220","func":"importer/app/request.getMarketCodes","msg":"SQL query: select thscode_hq,thscode from pub205 where thsmarket_code_hq = '80' and thscode is not null and thscode_hq is not null"}
{"level":"error","time":"2022-02-14 16:56:33.070","line":"request/fxj.go:134","func":"importer/app/request.GetFxj","msg":"get 80 data error: pq: relation \"pub205\" does not exist"}
{"level":"info","time":"2022-02-14 16:56:33.073","line":"request/fxj.go:220","func":"importer/app/request.getMarketCodes","msg":"SQL query: select thscode_hq,thscode from pub205 where thsmarket_code_hq = '96' and thscode is not null and thscode_hq is not null"}
{"level":"error","time":"2022-02-14 16:56:33.073","line":"request/fxj.go:134","func":"importer/app/request.GetFxj","msg":"get 96 data error: pq: relation \"pub205\" does not exist"}
{"level":"info","time":"2022-02-14 16:56:33.075","line":"request/fxj.go:220","func":"importer/app/request.getMarketCodes","msg":"SQL query: select thscode_hq,thscode from pub205 where thsmarket_code_hq = '104' and thscode is not null and thscode_hq is not null"}
{"level":"error","time":"2022-02-14 16:56:33.075","line":"request/fxj.go:134","func":"importer/app/request.GetFxj","msg":"get 104 data error: pq: relation \"pub205\" does not exist"}
{"level":"info","time":"2022-02-14 16:56:33.076","line":"request/fxj.go:220","func":"importer/app/request.getMarketCodes","msg":"SQL query: select thscode_hq,thscode from pub205 where thsmarket_code_hq = '112' and thscode is not null and thscode_hq is not null"}
{"level":"error","time":"2022-02-14 16:56:33.076","line":"request/fxj.go:134","func":"importer/app/request.GetFxj","msg":"get 112 data error: pq: relation \"pub205\" does not exist"}
{"level":"info","time":"2022-02-14 16:56:33.077","line":"request/fxj.go:220","func":"importer/app/request.getMarketCodes","msg":"SQL query: select thscode_hq,thscode from pub205 where thsmarket_code_hq = '120' and thscode is not null and thscode_hq is not null"}
{"level":"error","time":"2022-02-14 16:56:33.077","line":"request/fxj.go:134","func":"importer/app/request.GetFxj","msg":"get 120 data error: pq: relation \"pub205\" does not exist"}
{"level":"info","time":"2022-02-14 16:56:33.079","line":"request/fxj.go:220","func":"importer/app/request.getMarketCodes","msg":"SQL query: select thscode_hq,thscode from pub205 where thsmarket_code_hq = '-128' and thscode is not null and thscode_hq is not null"}
{"level":"error","time":"2022-02-14 16:56:33.079","line":"request/fxj.go:134","func":"importer/app/request.GetFxj","msg":"get 128 data error: pq: relation \"pub205\" does not exist"}
{"level":"info","time":"2022-02-14 16:56:33.081","line":"request/fxj.go:220","func":"importer/app/request.getMarketCodes","msg":"SQL query: select thscode_hq,thscode from pub205 where thsmarket_code_hq = '-120' and thscode is not null and thscode_hq is not null"}
{"level":"error","time":"2022-02-14 16:56:33.082","line":"request/fxj.go:134","func":"importer/app/request.GetFxj","msg":"get 136 data error: pq: relation \"pub205\" does not exist"}
{"level":"info","time":"2022-02-14 16:56:33.084","line":"request/fxj.go:220","func":"importer/app/request.getMarketCodes","msg":"SQL query: select thscode_hq,thscode from pub205 where thsmarket_code_hq = '-112' and thscode is not null and thscode_hq is not null"}
{"level":"error","time":"2022-02-14 16:56:33.084","line":"request/fxj.go:134","func":"importer/app/request.GetFxj","msg":"get 144 data error: pq: relation \"pub205\" does not exist"}
{"level":"info","time":"2022-02-14 16:56:33.086","line":"request/fxj.go:220","func":"importer/app/request.getMarketCodes","msg":"SQL query: select thscode_hq,thscode from pub205 where thsmarket_code_hq = '-104' and thscode is not null and thscode_hq is not null"}
{"level":"error","time":"2022-02-14 16:56:33.086","line":"request/fxj.go:134","func":"importer/app/request.GetFxj","msg":"get 152 data error: pq: relation \"pub205\" does not exist"}
{"level":"info","time":"2022-02-14 16:56:33.087","line":"request/fxj.go:220","func":"importer/app/request.getMarketCodes","msg":"SQL query: select thscode_hq,thscode from pub205 where thsmarket_code_hq = '-96' and thscode is not null and thscode_hq is not null"}
{"level":"error","time":"2022-02-14 16:56:33.087","line":"request/fxj.go:134","func":"importer/app/request.GetFxj","msg":"get 160 data error: pq: relation \"pub205\" does not exist"}
{"level":"info","time":"2022-02-14 16:56:33.088","line":"request/fxj.go:220","func":"importer/app/request.getMarketCodes","msg":"SQL query: select thscode_hq,thscode from pub205 where thsmarket_code_hq = '-88' and thscode is not null and thscode_hq is not null"}
{"level":"error","time":"2022-02-14 16:56:33.088","line":"request/fxj.go:134","func":"importer/app/request.GetFxj","msg":"get 168 data error: pq: relation \"pub205\" does not exist"}
{"level":"info","time":"2022-02-14 16:56:33.089","line":"request/fxj.go:220","func":"importer/app/request.getMarketCodes","msg":"SQL query: select thscode_hq,thscode from pub205 where thsmarket_code_hq = '-80' and thscode is not null and thscode_hq is not null"}
{"level":"error","time":"2022-02-14 16:56:33.089","line":"request/fxj.go:134","func":"importer/app/request.GetFxj","msg":"get 176 data error: pq: relation \"pub205\" does not exist"}
{"level":"info","time":"2022-02-14 16:56:33.090","line":"request/fxj.go:220","func":"importer/app/request.getMarketCodes","msg":"SQL query: select thscode_hq,thscode from pub205 where thsmarket_code_hq = '-72' and thscode is not null and thscode_hq is not null"}
{"level":"error","time":"2022-02-14 16:56:33.090","line":"request/fxj.go:134","func":"importer/app/request.GetFxj","msg":"get 184 data error: pq: relation \"pub205\" does not exist"}
{"level":"info","time":"2022-02-14 16:56:33.091","line":"request/fxj.go:220","func":"importer/app/request.getMarketCodes","msg":"SQL query: select thscode_hq,thscode from pub205 where thsmarket_code_hq = '20' and thscode is not null and thscode_hq is not null"}
{"level":"error","time":"2022-02-14 16:56:33.091","line":"request/fxj.go:134","func":"importer/app/request.GetFxj","msg":"get 20 data error: pq: relation \"pub205\" does not exist"}
{"level":"info","time":"2022-02-14 16:56:33.093","line":"request/fxj.go:220","func":"importer/app/request.getMarketCodes","msg":"SQL query: select thscode_hq,thscode from pub205 where thsmarket_code_hq = '36' and thscode is not null and thscode_hq is not null"}
{"level":"error","time":"2022-02-14 16:56:33.095","line":"request/fxj.go:134","func":"importer/app/request.GetFxj","msg":"get 36 data error: pq: relation \"pub205\" does not exist"}
{"level":"info","time":"2022-02-14 16:56:33.096","line":"request/fxj.go:220","func":"importer/app/request.getMarketCodes","msg":"SQL query: select thscode_hq,thscode from pub205 where thsmarket_code_hq = '19' and thscode is not null and thscode_hq is not null"}
{"level":"error","time":"2022-02-14 16:56:33.096","line":"request/fxj.go:134","func":"importer/app/request.GetFxj","msg":"get 19 data error: pq: relation \"pub205\" does not exist"}
{"level":"info","time":"2022-02-14 16:56:33.098","line":"request/fxj.go:220","func":"importer/app/request.getMarketCodes","msg":"SQL query: select thscode_hq,thscode from pub205 where thsmarket_code_hq = '35' and thscode is not null and thscode_hq is not null"}
{"level":"error","time":"2022-02-14 16:56:33.098","line":"request/fxj.go:134","func":"importer/app/request.GetFxj","msg":"get 35 data error: pq: relation \"pub205\" does not exist"}
